<?xml version="1.0" encoding="UTF-8"?>
<testng-results ignored="0" total="3" passed="3" failed="0" skipped="0">
  <reporter-output>
  </reporter-output>
  <suite started-at="2024-07-23T14:53:34 IST" name="Default suite" finished-at="2024-07-23T14:53:53 IST" duration-ms="19120">
    <groups>
    </groups>
    <test started-at="2024-07-23T14:53:34 IST" name="Default test" finished-at="2024-07-23T14:53:53 IST" duration-ms="19120">
      <class name="testcases.LoginTest">
        <test-method is-config="true" signature="setup()[pri:0, instance:testcases.LoginTest@2c1b194a]" started-at="2024-07-23T14:53:34 IST" name="setup" finished-at="2024-07-23T14:53:40 IST" duration-ms="5526" status="PASS">
          <reporter-output>
          </reporter-output>
        </test-method> <!-- setup -->
        <test-method signature="TC01_LoginSuccessTest()[pri:0, instance:testcases.LoginTest@2c1b194a]" started-at="2024-07-23T14:53:40 IST" name="TC01_LoginSuccessTest" finished-at="2024-07-23T14:53:41 IST" duration-ms="1083" status="PASS">
          <reporter-output>
          </reporter-output>
        </test-method> <!-- TC01_LoginSuccessTest -->
        <test-method is-config="true" signature="tearDown()[pri:0, instance:testcases.LoginTest@2c1b194a]" started-at="2024-07-23T14:53:41 IST" name="tearDown" finished-at="2024-07-23T14:53:42 IST" duration-ms="1105" status="PASS">
          <reporter-output>
          </reporter-output>
        </test-method> <!-- tearDown -->
        <test-method is-config="true" signature="setup()[pri:0, instance:testcases.LoginTest@2c1b194a]" started-at="2024-07-23T14:53:42 IST" name="setup" finished-at="2024-07-23T14:53:46 IST" duration-ms="4215" status="PASS">
          <reporter-output>
          </reporter-output>
        </test-method> <!-- setup -->
        <test-method signature="TC02_LoginFailureTest()[pri:0, instance:testcases.LoginTest@2c1b194a]" started-at="2024-07-23T14:53:46 IST" name="TC02_LoginFailureTest" finished-at="2024-07-23T14:53:47 IST" duration-ms="458" status="PASS">
          <reporter-output>
          </reporter-output>
        </test-method> <!-- TC02_LoginFailureTest -->
        <test-method is-config="true" signature="tearDown()[pri:0, instance:testcases.LoginTest@2c1b194a]" started-at="2024-07-23T14:53:47 IST" name="tearDown" finished-at="2024-07-23T14:53:48 IST" duration-ms="968" status="PASS">
          <reporter-output>
          </reporter-output>
        </test-method> <!-- tearDown -->
        <test-method is-config="true" signature="setup()[pri:0, instance:testcases.LoginTest@2c1b194a]" started-at="2024-07-23T14:53:48 IST" name="setup" finished-at="2024-07-23T14:53:52 IST" duration-ms="4266" status="PASS">
          <reporter-output>
          </reporter-output>
        </test-method> <!-- setup -->
        <test-method signature="TC03_LockedUserTest()[pri:0, instance:testcases.LoginTest@2c1b194a]" started-at="2024-07-23T14:53:52 IST" name="TC03_LockedUserTest" finished-at="2024-07-23T14:53:52 IST" duration-ms="455" status="PASS">
          <reporter-output>
          </reporter-output>
        </test-method> <!-- TC03_LockedUserTest -->
        <test-method is-config="true" signature="tearDown()[pri:0, instance:testcases.LoginTest@2c1b194a]" started-at="2024-07-23T14:53:52 IST" name="tearDown" finished-at="2024-07-23T14:53:53 IST" duration-ms="970" status="PASS">
          <reporter-output>
          </reporter-output>
        </test-method> <!-- tearDown -->
      </class> <!-- testcases.LoginTest -->
    </test> <!-- Default test -->
  </suite> <!-- Default suite -->
</testng-results>
