<?xml version="1.0" encoding="UTF-8"?>
<!-- Generated by org.testng.reporters.JUnitXMLReporter -->
<testsuite ignored="0" hostname="LAPTOP-NU1V4IQS" failures="0" tests="3" name="Default test" time="19.12" errors="0" timestamp="2024-07-23T14:53:53 IST">
  <testcase classname="testcases.LoginTest" name="TC01_LoginSuccessTest" time="1.083"/>
  <testcase classname="testcases.LoginTest" name="TC02_LoginFailureTest" time="0.458"/>
  <testcase classname="testcases.LoginTest" name="TC03_LockedUserTest" time="0.455"/>
</testsuite> <!-- Default test -->
